\BOOKMARK [0][-]{chapter.1}{\376\377\0001\000\040\000H\000i\000e\000r\000a\000r\000c\000h\000i\000c\000a\000l\000\040\000I\000n\000d\000e\000x}{}% 1
\BOOKMARK [1][-]{section.1.1}{\376\377\0001\000.\0001\000\040\000C\000l\000a\000s\000s\000\040\000H\000i\000e\000r\000a\000r\000c\000h\000y}{chapter.1}% 2
\BOOKMARK [0][-]{chapter.2}{\376\377\0002\000\040\000C\000l\000a\000s\000s\000\040\000I\000n\000d\000e\000x}{}% 3
\BOOKMARK [1][-]{section.2.1}{\376\377\0002\000.\0001\000\040\000C\000l\000a\000s\000s\000\040\000L\000i\000s\000t}{chapter.2}% 4
\BOOKMARK [0][-]{chapter.3}{\376\377\0003\000\040\000C\000l\000a\000s\000s\000\040\000D\000o\000c\000u\000m\000e\000n\000t\000a\000t\000i\000o\000n}{}% 5
\BOOKMARK [1][-]{section.3.1}{\376\377\0003\000.\0001\000\040\000P\000y\000S\000p\000i\000c\000e\000.\000S\000p\000i\000c\000e\000.\000O\000p\000e\000n\000S\000P\000I\000C\000E\000.\000n\000e\000t\000l\000i\000s\000t\000.\000B\000e\000h\000a\000v\000I\000S\000o\000u\000r\000c\000e\000T\000e\000x\000t\000F\000m\000t\000\040\000C\000l\000a\000s\000s\000\040\000R\000e\000f\000e\000r\000e\000n\000c\000e}{chapter.3}% 6
\BOOKMARK [2][-]{subsection.3.1.1}{\376\377\0003\000.\0001\000.\0001\000\040\000D\000e\000t\000a\000i\000l\000e\000d\000\040\000D\000e\000s\000c\000r\000i\000p\000t\000i\000o\000n}{section.3.1}% 7
\BOOKMARK [2][-]{subsection.3.1.2}{\376\377\0003\000.\0001\000.\0002\000\040\000M\000e\000m\000b\000e\000r\000\040\000F\000u\000n\000c\000t\000i\000o\000n\000\040\000D\000o\000c\000u\000m\000e\000n\000t\000a\000t\000i\000o\000n}{section.3.1}% 8
\BOOKMARK [3][-]{subsubsection.3.1.2.1}{\376\377\0003\000.\0001\000.\0002\000.\0001\000\040\000g\000e\000n\000\137\000t\000x\000t\000\137\000s\000t\000r\000\050\000\051}{subsection.3.1.2}% 9
\BOOKMARK [1][-]{section.3.2}{\376\377\0003\000.\0002\000\040\000P\000y\000S\000p\000i\000c\000e\000.\000S\000p\000i\000c\000e\000.\000O\000p\000e\000n\000S\000P\000I\000C\000E\000.\000n\000e\000t\000l\000i\000s\000t\000.\000B\000e\000h\000a\000v\000V\000S\000o\000u\000r\000c\000e\000T\000e\000x\000t\000F\000m\000t\000\040\000C\000l\000a\000s\000s\000\040\000R\000e\000f\000e\000r\000e\000n\000c\000e}{chapter.3}% 10
\BOOKMARK [2][-]{subsection.3.2.1}{\376\377\0003\000.\0002\000.\0001\000\040\000D\000e\000t\000a\000i\000l\000e\000d\000\040\000D\000e\000s\000c\000r\000i\000p\000t\000i\000o\000n}{section.3.2}% 11
\BOOKMARK [2][-]{subsection.3.2.2}{\376\377\0003\000.\0002\000.\0002\000\040\000M\000e\000m\000b\000e\000r\000\040\000F\000u\000n\000c\000t\000i\000o\000n\000\040\000D\000o\000c\000u\000m\000e\000n\000t\000a\000t\000i\000o\000n}{section.3.2}% 12
\BOOKMARK [3][-]{subsubsection.3.2.2.1}{\376\377\0003\000.\0002\000.\0002\000.\0001\000\040\000g\000e\000n\000\137\000t\000x\000t\000\137\000s\000t\000r\000\050\000\051}{subsection.3.2.2}% 13
\BOOKMARK [1][-]{section.3.3}{\376\377\0003\000.\0003\000\040\000P\000y\000S\000p\000i\000c\000e\000.\000S\000p\000i\000c\000e\000.\000O\000p\000e\000n\000S\000P\000I\000C\000E\000.\000c\000o\000m\000p\000o\000n\000e\000n\000t\000s\000.\000C\000a\000p\000a\000c\000i\000t\000o\000r\000\040\000C\000l\000a\000s\000s\000\040\000R\000e\000f\000e\000r\000e\000n\000c\000e}{chapter.3}% 14
\BOOKMARK [2][-]{subsection.3.3.1}{\376\377\0003\000.\0003\000.\0001\000\040\000D\000e\000t\000a\000i\000l\000e\000d\000\040\000D\000e\000s\000c\000r\000i\000p\000t\000i\000o\000n}{section.3.3}% 15
\BOOKMARK [2][-]{subsection.3.3.2}{\376\377\0003\000.\0003\000.\0002\000\040\000M\000e\000m\000b\000e\000r\000\040\000F\000u\000n\000c\000t\000i\000o\000n\000\040\000D\000o\000c\000u\000m\000e\000n\000t\000a\000t\000i\000o\000n}{section.3.3}% 16
\BOOKMARK [3][-]{subsubsection.3.3.2.1}{\376\377\0003\000.\0003\000.\0002\000.\0001\000\040\000o\000p\000\137\000p\000t\000\137\000e\000q\000n\000\050\000\051}{subsection.3.3.2}% 17
\BOOKMARK [3][-]{subsubsection.3.3.2.2}{\376\377\0003\000.\0003\000.\0002\000.\0002\000\040\000t\000r\000a\000n\000s\000\137\000e\000q\000n\000\050\000\051}{subsection.3.3.2}% 18
\BOOKMARK [1][-]{section.3.4}{\376\377\0003\000.\0004\000\040\000P\000y\000S\000p\000i\000c\000e\000.\000S\000p\000i\000c\000e\000.\000O\000p\000e\000n\000S\000P\000I\000C\000E\000.\000n\000e\000t\000l\000i\000s\000t\000.\000C\000a\000p\000a\000c\000i\000t\000o\000r\000T\000e\000x\000t\000F\000m\000t\000\040\000C\000l\000a\000s\000s\000\040\000R\000e\000f\000e\000r\000e\000n\000c\000e}{chapter.3}% 19
\BOOKMARK [2][-]{subsection.3.4.1}{\376\377\0003\000.\0004\000.\0001\000\040\000D\000e\000t\000a\000i\000l\000e\000d\000\040\000D\000e\000s\000c\000r\000i\000p\000t\000i\000o\000n}{section.3.4}% 20
\BOOKMARK [2][-]{subsection.3.4.2}{\376\377\0003\000.\0004\000.\0002\000\040\000M\000e\000m\000b\000e\000r\000\040\000F\000u\000n\000c\000t\000i\000o\000n\000\040\000D\000o\000c\000u\000m\000e\000n\000t\000a\000t\000i\000o\000n}{section.3.4}% 21
\BOOKMARK [3][-]{subsubsection.3.4.2.1}{\376\377\0003\000.\0004\000.\0002\000.\0001\000\040\000g\000e\000n\000\137\000t\000x\000t\000\137\000s\000t\000r\000\050\000\051}{subsection.3.4.2}% 22
\BOOKMARK [1][-]{section.3.5}{\376\377\0003\000.\0005\000\040\000P\000y\000S\000p\000i\000c\000e\000.\000S\000p\000i\000c\000e\000.\000O\000p\000e\000n\000S\000P\000I\000C\000E\000.\000n\000e\000t\000l\000i\000s\000t\000.\000C\000C\000C\000S\000S\000o\000u\000r\000c\000e\000T\000e\000x\000t\000F\000m\000t\000\040\000C\000l\000a\000s\000s\000\040\000R\000e\000f\000e\000r\000e\000n\000c\000e}{chapter.3}% 23
\BOOKMARK [2][-]{subsection.3.5.1}{\376\377\0003\000.\0005\000.\0001\000\040\000D\000e\000t\000a\000i\000l\000e\000d\000\040\000D\000e\000s\000c\000r\000i\000p\000t\000i\000o\000n}{section.3.5}% 24
\BOOKMARK [2][-]{subsection.3.5.2}{\376\377\0003\000.\0005\000.\0002\000\040\000M\000e\000m\000b\000e\000r\000\040\000F\000u\000n\000c\000t\000i\000o\000n\000\040\000D\000o\000c\000u\000m\000e\000n\000t\000a\000t\000i\000o\000n}{section.3.5}% 25
\BOOKMARK [3][-]{subsubsection.3.5.2.1}{\376\377\0003\000.\0005\000.\0002\000.\0001\000\040\000g\000e\000n\000\137\000t\000x\000t\000\137\000s\000t\000r\000\050\000\051}{subsection.3.5.2}% 26
\BOOKMARK [1][-]{section.3.6}{\376\377\0003\000.\0006\000\040\000P\000y\000S\000p\000i\000c\000e\000.\000S\000p\000i\000c\000e\000.\000O\000p\000e\000n\000S\000P\000I\000C\000E\000.\000n\000e\000t\000l\000i\000s\000t\000.\000C\000C\000V\000S\000S\000o\000u\000r\000c\000e\000T\000e\000x\000t\000F\000m\000t\000\040\000C\000l\000a\000s\000s\000\040\000R\000e\000f\000e\000r\000e\000n\000c\000e}{chapter.3}% 27
\BOOKMARK [2][-]{subsection.3.6.1}{\376\377\0003\000.\0006\000.\0001\000\040\000D\000e\000t\000a\000i\000l\000e\000d\000\040\000D\000e\000s\000c\000r\000i\000p\000t\000i\000o\000n}{section.3.6}% 28
\BOOKMARK [2][-]{subsection.3.6.2}{\376\377\0003\000.\0006\000.\0002\000\040\000M\000e\000m\000b\000e\000r\000\040\000F\000u\000n\000c\000t\000i\000o\000n\000\040\000D\000o\000c\000u\000m\000e\000n\000t\000a\000t\000i\000o\000n}{section.3.6}% 29
\BOOKMARK [3][-]{subsubsection.3.6.2.1}{\376\377\0003\000.\0006\000.\0002\000.\0001\000\040\000g\000e\000n\000\137\000t\000x\000t\000\137\000s\000t\000r\000\050\000\051}{subsection.3.6.2}% 30
\BOOKMARK [1][-]{section.3.7}{\376\377\0003\000.\0007\000\040\000P\000y\000S\000p\000i\000c\000e\000.\000S\000p\000i\000c\000e\000.\000O\000p\000e\000n\000S\000P\000I\000C\000E\000.\000c\000o\000m\000p\000o\000n\000e\000n\000t\000s\000.\000C\000o\000m\000p\000o\000n\000e\000n\000t\000\040\000C\000l\000a\000s\000s\000\040\000R\000e\000f\000e\000r\000e\000n\000c\000e}{chapter.3}% 31
\BOOKMARK [2][-]{subsection.3.7.1}{\376\377\0003\000.\0007\000.\0001\000\040\000D\000e\000t\000a\000i\000l\000e\000d\000\040\000D\000e\000s\000c\000r\000i\000p\000t\000i\000o\000n}{section.3.7}% 32
\BOOKMARK [2][-]{subsection.3.7.2}{\376\377\0003\000.\0007\000.\0002\000\040\000M\000e\000m\000b\000e\000r\000\040\000F\000u\000n\000c\000t\000i\000o\000n\000\040\000D\000o\000c\000u\000m\000e\000n\000t\000a\000t\000i\000o\000n}{section.3.7}% 33
\BOOKMARK [3][-]{subsubsection.3.7.2.1}{\376\377\0003\000.\0007\000.\0002\000.\0001\000\040\000o\000p\000\137\000p\000t\000\137\000e\000q\000n\000\050\000\051}{subsection.3.7.2}% 34
\BOOKMARK [3][-]{subsubsection.3.7.2.2}{\376\377\0003\000.\0007\000.\0002\000.\0002\000\040\000t\000r\000a\000n\000s\000\137\000e\000q\000n\000\050\000\051}{subsection.3.7.2}% 35
\BOOKMARK [1][-]{section.3.8}{\376\377\0003\000.\0008\000\040\000P\000y\000S\000p\000i\000c\000e\000.\000S\000p\000i\000c\000e\000.\000O\000p\000e\000n\000S\000P\000I\000C\000E\000.\000e\000q\000n\000s\000t\000r\000.\000E\000q\000n\000S\000t\000r\000O\000p\000P\000t\000S\000t\000r\000a\000t\000e\000g\000y\000\040\000C\000l\000a\000s\000s\000\040\000R\000e\000f\000e\000r\000e\000n\000c\000e}{chapter.3}% 36
\BOOKMARK [2][-]{subsection.3.8.1}{\376\377\0003\000.\0008\000.\0001\000\040\000D\000e\000t\000a\000i\000l\000e\000d\000\040\000D\000e\000s\000c\000r\000i\000p\000t\000i\000o\000n}{section.3.8}% 37
\BOOKMARK [2][-]{subsection.3.8.2}{\376\377\0003\000.\0008\000.\0002\000\040\000C\000o\000n\000s\000t\000r\000u\000c\000t\000o\000r\000\040\000\046\000\040\000D\000e\000s\000t\000r\000u\000c\000t\000o\000r\000\040\000D\000o\000c\000u\000m\000e\000n\000t\000a\000t\000i\000o\000n}{section.3.8}% 38
\BOOKMARK [3][-]{subsubsection.3.8.2.1}{\376\377\0003\000.\0008\000.\0002\000.\0001\000\040\000\137\000\137\000i\000n\000i\000t\000\137\000\137\000\050\000\051}{subsection.3.8.2}% 39
\BOOKMARK [2][-]{subsection.3.8.3}{\376\377\0003\000.\0008\000.\0003\000\040\000M\000e\000m\000b\000e\000r\000\040\000F\000u\000n\000c\000t\000i\000o\000n\000\040\000D\000o\000c\000u\000m\000e\000n\000t\000a\000t\000i\000o\000n}{section.3.8}% 40
\BOOKMARK [3][-]{subsubsection.3.8.3.1}{\376\377\0003\000.\0008\000.\0003\000.\0001\000\040\000g\000e\000n\000\137\000e\000q\000n\000\137\000f\000r\000o\000m\000\137\000b\000r\000a\000n\000c\000h\000\050\000\051}{subsection.3.8.3}% 41
\BOOKMARK [1][-]{section.3.9}{\376\377\0003\000.\0009\000\040\000P\000y\000S\000p\000i\000c\000e\000.\000S\000p\000i\000c\000e\000.\000O\000p\000e\000n\000S\000P\000I\000C\000E\000.\000e\000q\000n\000s\000t\000r\000.\000E\000q\000n\000S\000t\000r\000S\000t\000r\000a\000t\000e\000g\000y\000\040\000C\000l\000a\000s\000s\000\040\000R\000e\000f\000e\000r\000e\000n\000c\000e}{chapter.3}% 42
\BOOKMARK [2][-]{subsection.3.9.1}{\376\377\0003\000.\0009\000.\0001\000\040\000D\000e\000t\000a\000i\000l\000e\000d\000\040\000D\000e\000s\000c\000r\000i\000p\000t\000i\000o\000n}{section.3.9}% 43
\BOOKMARK [2][-]{subsection.3.9.2}{\376\377\0003\000.\0009\000.\0002\000\040\000M\000e\000m\000b\000e\000r\000\040\000F\000u\000n\000c\000t\000i\000o\000n\000\040\000D\000o\000c\000u\000m\000e\000n\000t\000a\000t\000i\000o\000n}{section.3.9}% 44
\BOOKMARK [3][-]{subsubsection.3.9.2.1}{\376\377\0003\000.\0009\000.\0002\000.\0001\000\040\000g\000e\000n\000\137\000e\000q\000n\000\137\000f\000r\000o\000m\000\137\000b\000r\000a\000n\000c\000h\000\050\000\051}{subsection.3.9.2}% 45
\BOOKMARK [3][-]{subsubsection.3.9.2.2}{\376\377\0003\000.\0009\000.\0002\000.\0002\000\040\000g\000e\000n\000\137\000e\000q\000n\000s\000\050\000\051}{subsection.3.9.2}% 46
\BOOKMARK [3][-]{subsubsection.3.9.2.3}{\376\377\0003\000.\0009\000.\0002\000.\0003\000\040\000g\000e\000n\000\137\000k\000c\000l\000\137\000e\000q\000n\000s\000\050\000\051}{subsection.3.9.2}% 47
\BOOKMARK [1][-]{section.3.10}{\376\377\0003\000.\0001\0000\000\040\000P\000y\000S\000p\000i\000c\000e\000.\000S\000p\000i\000c\000e\000.\000O\000p\000e\000n\000S\000P\000I\000C\000E\000.\000e\000q\000n\000s\000t\000r\000.\000E\000q\000n\000S\000t\000r\000T\000r\000a\000n\000s\000i\000e\000n\000t\000S\000t\000r\000a\000t\000e\000g\000y\000\040\000C\000l\000a\000s\000s\000\040\000R\000e\000f\000e\000r\000e\000n\000c\000e}{chapter.3}% 48
\BOOKMARK [2][-]{subsection.3.10.1}{\376\377\0003\000.\0001\0000\000.\0001\000\040\000D\000e\000t\000a\000i\000l\000e\000d\000\040\000D\000e\000s\000c\000r\000i\000p\000t\000i\000o\000n}{section.3.10}% 49
\BOOKMARK [2][-]{subsection.3.10.2}{\376\377\0003\000.\0001\0000\000.\0002\000\040\000C\000o\000n\000s\000t\000r\000u\000c\000t\000o\000r\000\040\000\046\000\040\000D\000e\000s\000t\000r\000u\000c\000t\000o\000r\000\040\000D\000o\000c\000u\000m\000e\000n\000t\000a\000t\000i\000o\000n}{section.3.10}% 50
\BOOKMARK [3][-]{subsubsection.3.10.2.1}{\376\377\0003\000.\0001\0000\000.\0002\000.\0001\000\040\000\137\000\137\000i\000n\000i\000t\000\137\000\137\000\050\000\051}{subsection.3.10.2}% 51
\BOOKMARK [2][-]{subsection.3.10.3}{\376\377\0003\000.\0001\0000\000.\0003\000\040\000M\000e\000m\000b\000e\000r\000\040\000F\000u\000n\000c\000t\000i\000o\000n\000\040\000D\000o\000c\000u\000m\000e\000n\000t\000a\000t\000i\000o\000n}{section.3.10}% 52
\BOOKMARK [3][-]{subsubsection.3.10.3.1}{\376\377\0003\000.\0001\0000\000.\0003\000.\0001\000\040\000g\000e\000n\000\137\000e\000q\000n\000\137\000f\000r\000o\000m\000\137\000b\000r\000a\000n\000c\000h\000\050\000\051}{subsection.3.10.3}% 53
\BOOKMARK [1][-]{section.3.11}{\376\377\0003\000.\0001\0001\000\040\000P\000y\000S\000p\000i\000c\000e\000.\000S\000p\000i\000c\000e\000.\000O\000p\000e\000n\000S\000P\000I\000C\000E\000.\000n\000e\000t\000l\000i\000s\000t\000.\000E\000x\000t\000I\000S\000o\000u\000r\000c\000e\000T\000e\000x\000t\000F\000m\000t\000\040\000C\000l\000a\000s\000s\000\040\000R\000e\000f\000e\000r\000e\000n\000c\000e}{chapter.3}% 54
\BOOKMARK [2][-]{subsection.3.11.1}{\376\377\0003\000.\0001\0001\000.\0001\000\040\000D\000e\000t\000a\000i\000l\000e\000d\000\040\000D\000e\000s\000c\000r\000i\000p\000t\000i\000o\000n}{section.3.11}% 55
\BOOKMARK [2][-]{subsection.3.11.2}{\376\377\0003\000.\0001\0001\000.\0002\000\040\000M\000e\000m\000b\000e\000r\000\040\000F\000u\000n\000c\000t\000i\000o\000n\000\040\000D\000o\000c\000u\000m\000e\000n\000t\000a\000t\000i\000o\000n}{section.3.11}% 56
\BOOKMARK [3][-]{subsubsection.3.11.2.1}{\376\377\0003\000.\0001\0001\000.\0002\000.\0001\000\040\000g\000e\000n\000\137\000t\000x\000t\000\137\000s\000t\000r\000\050\000\051}{subsection.3.11.2}% 57
\BOOKMARK [1][-]{section.3.12}{\376\377\0003\000.\0001\0002\000\040\000P\000y\000S\000p\000i\000c\000e\000.\000S\000p\000i\000c\000e\000.\000O\000p\000e\000n\000S\000P\000I\000C\000E\000.\000n\000e\000t\000l\000i\000s\000t\000.\000E\000x\000t\000V\000S\000o\000u\000r\000c\000e\000T\000e\000x\000t\000F\000m\000t\000\040\000C\000l\000a\000s\000s\000\040\000R\000e\000f\000e\000r\000e\000n\000c\000e}{chapter.3}% 58
\BOOKMARK [2][-]{subsection.3.12.1}{\376\377\0003\000.\0001\0002\000.\0001\000\040\000D\000e\000t\000a\000i\000l\000e\000d\000\040\000D\000e\000s\000c\000r\000i\000p\000t\000i\000o\000n}{section.3.12}% 59
\BOOKMARK [2][-]{subsection.3.12.2}{\376\377\0003\000.\0001\0002\000.\0002\000\040\000M\000e\000m\000b\000e\000r\000\040\000F\000u\000n\000c\000t\000i\000o\000n\000\040\000D\000o\000c\000u\000m\000e\000n\000t\000a\000t\000i\000o\000n}{section.3.12}% 60
\BOOKMARK [3][-]{subsubsection.3.12.2.1}{\376\377\0003\000.\0001\0002\000.\0002\000.\0001\000\040\000g\000e\000n\000\137\000t\000x\000t\000\137\000s\000t\000r\000\050\000\051}{subsection.3.12.2}% 61
\BOOKMARK [1][-]{section.3.13}{\376\377\0003\000.\0001\0003\000\040\000P\000y\000S\000p\000i\000c\000e\000.\000S\000p\000i\000c\000e\000.\000O\000p\000e\000n\000S\000P\000I\000C\000E\000.\000c\000o\000m\000p\000o\000n\000e\000n\000t\000s\000.\000I\000n\000d\000u\000c\000t\000o\000r\000\040\000C\000l\000a\000s\000s\000\040\000R\000e\000f\000e\000r\000e\000n\000c\000e}{chapter.3}% 62
\BOOKMARK [2][-]{subsection.3.13.1}{\376\377\0003\000.\0001\0003\000.\0001\000\040\000D\000e\000t\000a\000i\000l\000e\000d\000\040\000D\000e\000s\000c\000r\000i\000p\000t\000i\000o\000n}{section.3.13}% 63
\BOOKMARK [2][-]{subsection.3.13.2}{\376\377\0003\000.\0001\0003\000.\0002\000\040\000M\000e\000m\000b\000e\000r\000\040\000F\000u\000n\000c\000t\000i\000o\000n\000\040\000D\000o\000c\000u\000m\000e\000n\000t\000a\000t\000i\000o\000n}{section.3.13}% 64
\BOOKMARK [3][-]{subsubsection.3.13.2.1}{\376\377\0003\000.\0001\0003\000.\0002\000.\0001\000\040\000o\000p\000\137\000p\000t\000\137\000e\000q\000n\000\050\000\051}{subsection.3.13.2}% 65
\BOOKMARK [3][-]{subsubsection.3.13.2.2}{\376\377\0003\000.\0001\0003\000.\0002\000.\0002\000\040\000t\000r\000a\000n\000s\000\137\000e\000q\000n\000\050\000\051}{subsection.3.13.2}% 66
\BOOKMARK [1][-]{section.3.14}{\376\377\0003\000.\0001\0004\000\040\000P\000y\000S\000p\000i\000c\000e\000.\000S\000p\000i\000c\000e\000.\000O\000p\000e\000n\000S\000P\000I\000C\000E\000.\000n\000e\000t\000l\000i\000s\000t\000.\000I\000n\000d\000u\000c\000t\000o\000r\000T\000e\000x\000t\000F\000m\000t\000\040\000C\000l\000a\000s\000s\000\040\000R\000e\000f\000e\000r\000e\000n\000c\000e}{chapter.3}% 67
\BOOKMARK [2][-]{subsection.3.14.1}{\376\377\0003\000.\0001\0004\000.\0001\000\040\000D\000e\000t\000a\000i\000l\000e\000d\000\040\000D\000e\000s\000c\000r\000i\000p\000t\000i\000o\000n}{section.3.14}% 68
\BOOKMARK [2][-]{subsection.3.14.2}{\376\377\0003\000.\0001\0004\000.\0002\000\040\000M\000e\000m\000b\000e\000r\000\040\000F\000u\000n\000c\000t\000i\000o\000n\000\040\000D\000o\000c\000u\000m\000e\000n\000t\000a\000t\000i\000o\000n}{section.3.14}% 69
\BOOKMARK [3][-]{subsubsection.3.14.2.1}{\376\377\0003\000.\0001\0004\000.\0002\000.\0001\000\040\000g\000e\000n\000\137\000t\000x\000t\000\137\000s\000t\000r\000\050\000\051}{subsection.3.14.2}% 70
\BOOKMARK [1][-]{section.3.15}{\376\377\0003\000.\0001\0005\000\040\000P\000y\000S\000p\000i\000c\000e\000.\000S\000p\000i\000c\000e\000.\000O\000p\000e\000n\000S\000P\000I\000C\000E\000.\000c\000o\000m\000p\000o\000n\000e\000n\000t\000s\000.\000I\000S\000o\000u\000r\000c\000e\000\040\000C\000l\000a\000s\000s\000\040\000R\000e\000f\000e\000r\000e\000n\000c\000e}{chapter.3}% 71
\BOOKMARK [2][-]{subsection.3.15.1}{\376\377\0003\000.\0001\0005\000.\0001\000\040\000D\000e\000t\000a\000i\000l\000e\000d\000\040\000D\000e\000s\000c\000r\000i\000p\000t\000i\000o\000n}{section.3.15}% 72
\BOOKMARK [2][-]{subsection.3.15.2}{\376\377\0003\000.\0001\0005\000.\0002\000\040\000M\000e\000m\000b\000e\000r\000\040\000F\000u\000n\000c\000t\000i\000o\000n\000\040\000D\000o\000c\000u\000m\000e\000n\000t\000a\000t\000i\000o\000n}{section.3.15}% 73
\BOOKMARK [3][-]{subsubsection.3.15.2.1}{\376\377\0003\000.\0001\0005\000.\0002\000.\0001\000\040\000o\000p\000\137\000p\000t\000\137\000e\000q\000n\000\050\000\051}{subsection.3.15.2}% 74
\BOOKMARK [3][-]{subsubsection.3.15.2.2}{\376\377\0003\000.\0001\0005\000.\0002\000.\0002\000\040\000t\000r\000a\000n\000s\000\137\000e\000q\000n\000\050\000\051}{subsection.3.15.2}% 75
\BOOKMARK [1][-]{section.3.16}{\376\377\0003\000.\0001\0006\000\040\000P\000y\000S\000p\000i\000c\000e\000.\000S\000p\000i\000c\000e\000.\000O\000p\000e\000n\000S\000P\000I\000C\000E\000.\000n\000e\000t\000l\000i\000s\000t\000.\000I\000S\000o\000u\000r\000c\000e\000T\000e\000x\000t\000F\000m\000t\000\040\000C\000l\000a\000s\000s\000\040\000R\000e\000f\000e\000r\000e\000n\000c\000e}{chapter.3}% 76
\BOOKMARK [2][-]{subsection.3.16.1}{\376\377\0003\000.\0001\0006\000.\0001\000\040\000D\000e\000t\000a\000i\000l\000e\000d\000\040\000D\000e\000s\000c\000r\000i\000p\000t\000i\000o\000n}{section.3.16}% 77
\BOOKMARK [2][-]{subsection.3.16.2}{\376\377\0003\000.\0001\0006\000.\0002\000\040\000M\000e\000m\000b\000e\000r\000\040\000F\000u\000n\000c\000t\000i\000o\000n\000\040\000D\000o\000c\000u\000m\000e\000n\000t\000a\000t\000i\000o\000n}{section.3.16}% 78
\BOOKMARK [3][-]{subsubsection.3.16.2.1}{\376\377\0003\000.\0001\0006\000.\0002\000.\0001\000\040\000g\000e\000n\000\137\000t\000x\000t\000\137\000s\000t\000r\000\050\000\051}{subsection.3.16.2}% 79
\BOOKMARK [1][-]{section.3.17}{\376\377\0003\000.\0001\0007\000\040\000P\000y\000S\000p\000i\000c\000e\000.\000S\000p\000i\000c\000e\000.\000O\000p\000e\000n\000S\000P\000I\000C\000E\000.\000S\000h\000a\000r\000e\000d\000.\000O\000p\000e\000n\000S\000P\000I\000C\000E\000C\000i\000r\000c\000u\000i\000t\000E\000r\000r\000o\000r\000\040\000C\000l\000a\000s\000s\000\040\000R\000e\000f\000e\000r\000e\000n\000c\000e}{chapter.3}% 80
\BOOKMARK [1][-]{section.3.18}{\376\377\0003\000.\0001\0008\000\040\000P\000y\000S\000p\000i\000c\000e\000.\000S\000p\000i\000c\000e\000.\000O\000p\000e\000n\000S\000P\000I\000C\000E\000.\000S\000i\000m\000u\000l\000a\000t\000i\000o\000n\000.\000O\000p\000e\000n\000S\000P\000I\000C\000E\000C\000i\000r\000c\000u\000i\000t\000S\000i\000m\000u\000l\000a\000t\000o\000r\000\040\000C\000l\000a\000s\000s\000\040\000R\000e\000f\000e\000r\000e\000n\000c\000e}{chapter.3}% 81
\BOOKMARK [1][-]{section.3.19}{\376\377\0003\000.\0001\0009\000\040\000P\000y\000S\000p\000i\000c\000e\000.\000S\000p\000i\000c\000e\000.\000O\000p\000e\000n\000S\000P\000I\000C\000E\000.\000S\000h\000a\000r\000e\000d\000.\000O\000p\000e\000n\000S\000P\000I\000C\000E\000C\000o\000m\000m\000a\000n\000d\000E\000r\000r\000o\000r\000\040\000C\000l\000a\000s\000s\000\040\000R\000e\000f\000e\000r\000e\000n\000c\000e}{chapter.3}% 82
\BOOKMARK [1][-]{section.3.20}{\376\377\0003\000.\0002\0000\000\040\000P\000y\000S\000p\000i\000c\000e\000.\000S\000p\000i\000c\000e\000.\000O\000p\000e\000n\000S\000P\000I\000C\000E\000.\000S\000e\000r\000v\000e\000r\000.\000O\000p\000e\000n\000S\000P\000I\000C\000E\000S\000e\000r\000v\000e\000r\000\040\000C\000l\000a\000s\000s\000\040\000R\000e\000f\000e\000r\000e\000n\000c\000e}{chapter.3}% 83
\BOOKMARK [2][-]{subsection.3.20.1}{\376\377\0003\000.\0002\0000\000.\0001\000\040\000D\000e\000t\000a\000i\000l\000e\000d\000\040\000D\000e\000s\000c\000r\000i\000p\000t\000i\000o\000n}{section.3.20}% 84
\BOOKMARK [2][-]{subsection.3.20.2}{\376\377\0003\000.\0002\0000\000.\0002\000\040\000M\000e\000m\000b\000e\000r\000\040\000F\000u\000n\000c\000t\000i\000o\000n\000\040\000D\000o\000c\000u\000m\000e\000n\000t\000a\000t\000i\000o\000n}{section.3.20}% 85
\BOOKMARK [3][-]{subsubsection.3.20.2.1}{\376\377\0003\000.\0002\0000\000.\0002\000.\0001\000\040\000\137\000\137\000c\000a\000l\000l\000\137\000\137\000\050\000\051}{subsection.3.20.2}% 86
\BOOKMARK [1][-]{section.3.21}{\376\377\0003\000.\0002\0001\000\040\000P\000y\000S\000p\000i\000c\000e\000.\000S\000p\000i\000c\000e\000.\000O\000p\000e\000n\000S\000P\000I\000C\000E\000.\000S\000h\000a\000r\000e\000d\000.\000O\000p\000e\000n\000S\000P\000I\000C\000E\000S\000h\000a\000r\000e\000d\000\040\000C\000l\000a\000s\000s\000\040\000R\000e\000f\000e\000r\000e\000n\000c\000e}{chapter.3}% 87
\BOOKMARK [2][-]{subsection.3.21.1}{\376\377\0003\000.\0002\0001\000.\0001\000\040\000C\000o\000n\000s\000t\000r\000u\000c\000t\000o\000r\000\040\000\046\000\040\000D\000e\000s\000t\000r\000u\000c\000t\000o\000r\000\040\000D\000o\000c\000u\000m\000e\000n\000t\000a\000t\000i\000o\000n}{section.3.21}% 88
\BOOKMARK [3][-]{subsubsection.3.21.1.1}{\376\377\0003\000.\0002\0001\000.\0001\000.\0001\000\040\000\137\000\137\000i\000n\000i\000t\000\137\000\137\000\050\000\051}{subsection.3.21.1}% 89
\BOOKMARK [2][-]{subsection.3.21.2}{\376\377\0003\000.\0002\0001\000.\0002\000\040\000M\000e\000m\000b\000e\000r\000\040\000F\000u\000n\000c\000t\000i\000o\000n\000\040\000D\000o\000c\000u\000m\000e\000n\000t\000a\000t\000i\000o\000n}{section.3.21}% 90
\BOOKMARK [3][-]{subsubsection.3.21.2.1}{\376\377\0003\000.\0002\0001\000.\0002\000.\0001\000\040\000a\000l\000t\000e\000r\000\137\000d\000e\000v\000i\000c\000e\000\050\000\051}{subsection.3.21.2}% 91
\BOOKMARK [3][-]{subsubsection.3.21.2.2}{\376\377\0003\000.\0002\0001\000.\0002\000.\0002\000\040\000a\000l\000t\000e\000r\000\137\000m\000o\000d\000e\000l\000\050\000\051}{subsection.3.21.2}% 92
\BOOKMARK [3][-]{subsubsection.3.21.2.3}{\376\377\0003\000.\0002\0001\000.\0002\000.\0003\000\040\000d\000e\000l\000e\000t\000e\000\050\000\051}{subsection.3.21.2}% 93
\BOOKMARK [3][-]{subsubsection.3.21.2.4}{\376\377\0003\000.\0002\0001\000.\0002\000.\0004\000\040\000d\000e\000s\000t\000r\000o\000y\000\050\000\051}{subsection.3.21.2}% 94
\BOOKMARK [3][-]{subsubsection.3.21.2.5}{\376\377\0003\000.\0002\0001\000.\0002\000.\0005\000\040\000d\000e\000v\000i\000c\000e\000\137\000h\000e\000l\000p\000\050\000\051}{subsection.3.21.2}% 95
\BOOKMARK [3][-]{subsubsection.3.21.2.6}{\376\377\0003\000.\0002\0001\000.\0002\000.\0006\000\040\000e\000x\000e\000c\000\137\000c\000o\000m\000m\000a\000n\000d\000\050\000\051}{subsection.3.21.2}% 96
\BOOKMARK [3][-]{subsubsection.3.21.2.7}{\376\377\0003\000.\0002\0001\000.\0002\000.\0007\000\040\000g\000e\000t\000\137\000i\000s\000r\000c\000\137\000d\000a\000t\000a\000\050\000\051}{subsection.3.21.2}% 97
\BOOKMARK [3][-]{subsubsection.3.21.2.8}{\376\377\0003\000.\0002\0001\000.\0002\000.\0008\000\040\000g\000e\000t\000\137\000v\000s\000r\000c\000\137\000d\000a\000t\000a\000\050\000\051}{subsection.3.21.2}% 98
\BOOKMARK [3][-]{subsubsection.3.21.2.9}{\376\377\0003\000.\0002\0001\000.\0002\000.\0009\000\040\000h\000a\000l\000t\000\050\000\051}{subsection.3.21.2}% 99
\BOOKMARK [3][-]{subsubsection.3.21.2.10}{\376\377\0003\000.\0002\0001\000.\0002\000.\0001\0000\000\040\000h\000a\000s\000\137\000c\000i\000d\000e\000r\000\050\000\051}{subsection.3.21.2}% 100
\BOOKMARK [3][-]{subsubsection.3.21.2.11}{\376\377\0003\000.\0002\0001\000.\0002\000.\0001\0001\000\040\000h\000a\000s\000\137\000x\000s\000p\000i\000c\000e\000\050\000\051}{subsection.3.21.2}% 101
\BOOKMARK [3][-]{subsubsection.3.21.2.12}{\376\377\0003\000.\0002\0001\000.\0002\000.\0001\0002\000\040\000l\000a\000s\000t\000\137\000p\000l\000o\000t\000\050\000\051}{subsection.3.21.2}% 102
\BOOKMARK [3][-]{subsubsection.3.21.2.13}{\376\377\0003\000.\0002\0001\000.\0002\000.\0001\0003\000\040\000l\000o\000a\000d\000\137\000c\000i\000r\000c\000u\000i\000t\000\050\000\051}{subsection.3.21.2}% 103
\BOOKMARK [3][-]{subsubsection.3.21.2.14}{\376\377\0003\000.\0002\0001\000.\0002\000.\0001\0004\000\040\000n\000e\000w\000\137\000i\000n\000s\000t\000a\000n\000c\000e\000\050\000\051}{subsection.3.21.2}% 104
\BOOKMARK [3][-]{subsubsection.3.21.2.15}{\376\377\0003\000.\0002\0001\000.\0002\000.\0001\0005\000\040\000o\000p\000t\000i\000o\000n\000\050\000\051}{subsection.3.21.2}% 105
\BOOKMARK [3][-]{subsubsection.3.21.2.16}{\376\377\0003\000.\0002\0001\000.\0002\000.\0001\0006\000\040\000p\000l\000o\000t\000\050\000\051}{subsection.3.21.2}% 106
\BOOKMARK [3][-]{subsubsection.3.21.2.17}{\376\377\0003\000.\0002\0001\000.\0002\000.\0001\0007\000\040\000p\000l\000o\000t\000\137\000n\000a\000m\000e\000s\000\050\000\051}{subsection.3.21.2}% 107
\BOOKMARK [3][-]{subsubsection.3.21.2.18}{\376\377\0003\000.\0002\0001\000.\0002\000.\0001\0008\000\040\000r\000e\000m\000o\000v\000e\000\137\000c\000i\000r\000c\000u\000i\000t\000\050\000\051}{subsection.3.21.2}% 108
\BOOKMARK [3][-]{subsubsection.3.21.2.19}{\376\377\0003\000.\0002\0001\000.\0002\000.\0001\0009\000\040\000r\000e\000s\000e\000t\000\050\000\051}{subsection.3.21.2}% 109
\BOOKMARK [3][-]{subsubsection.3.21.2.20}{\376\377\0003\000.\0002\0001\000.\0002\000.\0002\0000\000\040\000r\000e\000s\000s\000o\000u\000r\000c\000e\000\137\000u\000s\000a\000g\000e\000\050\000\051}{subsection.3.21.2}% 110
\BOOKMARK [3][-]{subsubsection.3.21.2.21}{\376\377\0003\000.\0002\0001\000.\0002\000.\0002\0001\000\040\000r\000e\000s\000u\000m\000e\000\050\000\051}{subsection.3.21.2}% 111
\BOOKMARK [3][-]{subsubsection.3.21.2.22}{\376\377\0003\000.\0002\0001\000.\0002\000.\0002\0002\000\040\000r\000u\000n\000\050\000\051}{subsection.3.21.2}% 112
\BOOKMARK [3][-]{subsubsection.3.21.2.23}{\376\377\0003\000.\0002\0001\000.\0002\000.\0002\0003\000\040\000s\000e\000n\000d\000\137\000c\000h\000a\000r\000\050\000\051}{subsection.3.21.2}% 113
\BOOKMARK [3][-]{subsubsection.3.21.2.24}{\376\377\0003\000.\0002\0001\000.\0002\000.\0002\0004\000\040\000s\000e\000n\000d\000\137\000d\000a\000t\000a\000\050\000\051}{subsection.3.21.2}% 114
\BOOKMARK [3][-]{subsubsection.3.21.2.25}{\376\377\0003\000.\0002\0001\000.\0002\000.\0002\0005\000\040\000s\000e\000n\000d\000\137\000i\000n\000i\000t\000\137\000d\000a\000t\000a\000\050\000\051}{subsection.3.21.2}% 115
\BOOKMARK [3][-]{subsubsection.3.21.2.26}{\376\377\0003\000.\0002\0001\000.\0002\000.\0002\0006\000\040\000s\000e\000n\000d\000\137\000s\000t\000a\000t\000\050\000\051}{subsection.3.21.2}% 116
\BOOKMARK [3][-]{subsubsection.3.21.2.27}{\376\377\0003\000.\0002\0001\000.\0002\000.\0002\0007\000\040\000s\000e\000t\000\050\000\051}{subsection.3.21.2}% 117
\BOOKMARK [3][-]{subsubsection.3.21.2.28}{\376\377\0003\000.\0002\0001\000.\0002\000.\0002\0008\000\040\000s\000e\000t\000\137\000c\000i\000r\000c\000u\000i\000t\000\050\000\051}{subsection.3.21.2}% 118
\BOOKMARK [3][-]{subsubsection.3.21.2.29}{\376\377\0003\000.\0002\0001\000.\0002\000.\0002\0009\000\040\000s\000o\000u\000r\000c\000e\000\050\000\051}{subsection.3.21.2}% 119
\BOOKMARK [3][-]{subsubsection.3.21.2.30}{\376\377\0003\000.\0002\0001\000.\0002\000.\0003\0000\000\040\000s\000t\000a\000t\000u\000s\000\050\000\051}{subsection.3.21.2}% 120
\BOOKMARK [3][-]{subsubsection.3.21.2.31}{\376\377\0003\000.\0002\0001\000.\0002\000.\0003\0001\000\040\000s\000t\000e\000p\000\050\000\051}{subsection.3.21.2}% 121
\BOOKMARK [3][-]{subsubsection.3.21.2.32}{\376\377\0003\000.\0002\0001\000.\0002\000.\0003\0002\000\040\000s\000t\000o\000p\000\050\000\051}{subsection.3.21.2}% 122
\BOOKMARK [3][-]{subsubsection.3.21.2.33}{\376\377\0003\000.\0002\0001\000.\0002\000.\0003\0003\000\040\000t\000r\000a\000c\000e\000\050\000\051}{subsection.3.21.2}% 123
\BOOKMARK [3][-]{subsubsection.3.21.2.34}{\376\377\0003\000.\0002\0001\000.\0002\000.\0003\0004\000\040\000u\000n\000s\000e\000t\000\050\000\051}{subsection.3.21.2}% 124
\BOOKMARK [3][-]{subsubsection.3.21.2.35}{\376\377\0003\000.\0002\0001\000.\0002\000.\0003\0005\000\040\000w\000h\000e\000r\000e\000\050\000\051}{subsection.3.21.2}% 125
\BOOKMARK [1][-]{section.3.22}{\376\377\0003\000.\0002\0002\000\040\000P\000y\000S\000p\000i\000c\000e\000.\000S\000p\000i\000c\000e\000.\000O\000p\000e\000n\000S\000P\000I\000C\000E\000.\000s\000o\000l\000v\000e\000.\000O\000p\000P\000t\000S\000o\000l\000v\000e\000r\000S\000t\000r\000a\000t\000e\000g\000y\000\040\000C\000l\000a\000s\000s\000\040\000R\000e\000f\000e\000r\000e\000n\000c\000e}{chapter.3}% 126
\BOOKMARK [2][-]{subsection.3.22.1}{\376\377\0003\000.\0002\0002\000.\0001\000\040\000D\000e\000t\000a\000i\000l\000e\000d\000\040\000D\000e\000s\000c\000r\000i\000p\000t\000i\000o\000n}{section.3.22}% 127
\BOOKMARK [2][-]{subsection.3.22.2}{\376\377\0003\000.\0002\0002\000.\0002\000\040\000C\000o\000n\000s\000t\000r\000u\000c\000t\000o\000r\000\040\000\046\000\040\000D\000e\000s\000t\000r\000u\000c\000t\000o\000r\000\040\000D\000o\000c\000u\000m\000e\000n\000t\000a\000t\000i\000o\000n}{section.3.22}% 128
\BOOKMARK [3][-]{subsubsection.3.22.2.1}{\376\377\0003\000.\0002\0002\000.\0002\000.\0001\000\040\000\137\000\137\000i\000n\000i\000t\000\137\000\137\000\050\000\051}{subsection.3.22.2}% 129
\BOOKMARK [2][-]{subsection.3.22.3}{\376\377\0003\000.\0002\0002\000.\0003\000\040\000M\000e\000m\000b\000e\000r\000\040\000F\000u\000n\000c\000t\000i\000o\000n\000\040\000D\000o\000c\000u\000m\000e\000n\000t\000a\000t\000i\000o\000n}{section.3.22}% 130
\BOOKMARK [3][-]{subsubsection.3.22.3.1}{\376\377\0003\000.\0002\0002\000.\0003\000.\0001\000\040\000s\000o\000l\000v\000e\000\137\000e\000q\000n\000s\000\050\000\051}{subsection.3.22.3}% 131
\BOOKMARK [1][-]{section.3.23}{\376\377\0003\000.\0002\0003\000\040\000P\000y\000S\000p\000i\000c\000e\000.\000S\000p\000i\000c\000e\000.\000O\000p\000e\000n\000S\000P\000I\000C\000E\000.\000S\000h\000a\000r\000e\000d\000.\000P\000l\000o\000t\000\040\000C\000l\000a\000s\000s\000\040\000R\000e\000f\000e\000r\000e\000n\000c\000e}{chapter.3}% 132
\BOOKMARK [2][-]{subsection.3.23.1}{\376\377\0003\000.\0002\0003\000.\0001\000\040\000D\000e\000t\000a\000i\000l\000e\000d\000\040\000D\000e\000s\000c\000r\000i\000p\000t\000i\000o\000n}{section.3.23}% 133
\BOOKMARK [1][-]{section.3.24}{\376\377\0003\000.\0002\0004\000\040\000P\000y\000S\000p\000i\000c\000e\000.\000S\000p\000i\000c\000e\000.\000O\000p\000e\000n\000S\000P\000I\000C\000E\000.\000R\000a\000w\000F\000i\000l\000e\000.\000R\000a\000w\000F\000i\000l\000e\000\040\000C\000l\000a\000s\000s\000\040\000R\000e\000f\000e\000r\000e\000n\000c\000e}{chapter.3}% 134
\BOOKMARK [2][-]{subsection.3.24.1}{\376\377\0003\000.\0002\0004\000.\0001\000\040\000D\000e\000t\000a\000i\000l\000e\000d\000\040\000D\000e\000s\000c\000r\000i\000p\000t\000i\000o\000n}{section.3.24}% 135
\BOOKMARK [2][-]{subsection.3.24.2}{\376\377\0003\000.\0002\0004\000.\0002\000\040\000M\000e\000m\000b\000e\000r\000\040\000F\000u\000n\000c\000t\000i\000o\000n\000\040\000D\000o\000c\000u\000m\000e\000n\000t\000a\000t\000i\000o\000n}{section.3.24}% 136
\BOOKMARK [3][-]{subsubsection.3.24.2.1}{\376\377\0003\000.\0002\0004\000.\0002\000.\0001\000\040\000f\000i\000x\000\137\000c\000a\000s\000e\000\050\000\051}{subsection.3.24.2}% 137
\BOOKMARK [1][-]{section.3.25}{\376\377\0003\000.\0002\0005\000\040\000P\000y\000S\000p\000i\000c\000e\000.\000S\000p\000i\000c\000e\000.\000O\000p\000e\000n\000S\000P\000I\000C\000E\000.\000c\000o\000m\000p\000o\000n\000e\000n\000t\000s\000.\000R\000e\000s\000i\000s\000t\000o\000r\000\040\000C\000l\000a\000s\000s\000\040\000R\000e\000f\000e\000r\000e\000n\000c\000e}{chapter.3}% 138
\BOOKMARK [2][-]{subsection.3.25.1}{\376\377\0003\000.\0002\0005\000.\0001\000\040\000D\000e\000t\000a\000i\000l\000e\000d\000\040\000D\000e\000s\000c\000r\000i\000p\000t\000i\000o\000n}{section.3.25}% 139
\BOOKMARK [2][-]{subsection.3.25.2}{\376\377\0003\000.\0002\0005\000.\0002\000\040\000M\000e\000m\000b\000e\000r\000\040\000F\000u\000n\000c\000t\000i\000o\000n\000\040\000D\000o\000c\000u\000m\000e\000n\000t\000a\000t\000i\000o\000n}{section.3.25}% 140
\BOOKMARK [3][-]{subsubsection.3.25.2.1}{\376\377\0003\000.\0002\0005\000.\0002\000.\0001\000\040\000o\000p\000\137\000p\000t\000\137\000e\000q\000n\000\050\000\051}{subsection.3.25.2}% 141
\BOOKMARK [3][-]{subsubsection.3.25.2.2}{\376\377\0003\000.\0002\0005\000.\0002\000.\0002\000\040\000t\000r\000a\000n\000s\000\137\000e\000q\000n\000\050\000\051}{subsection.3.25.2}% 142
\BOOKMARK [1][-]{section.3.26}{\376\377\0003\000.\0002\0006\000\040\000P\000y\000S\000p\000i\000c\000e\000.\000S\000p\000i\000c\000e\000.\000O\000p\000e\000n\000S\000P\000I\000C\000E\000.\000n\000e\000t\000l\000i\000s\000t\000.\000R\000e\000s\000i\000s\000t\000o\000r\000T\000e\000x\000t\000F\000m\000t\000\040\000C\000l\000a\000s\000s\000\040\000R\000e\000f\000e\000r\000e\000n\000c\000e}{chapter.3}% 143
\BOOKMARK [2][-]{subsection.3.26.1}{\376\377\0003\000.\0002\0006\000.\0001\000\040\000D\000e\000t\000a\000i\000l\000e\000d\000\040\000D\000e\000s\000c\000r\000i\000p\000t\000i\000o\000n}{section.3.26}% 144
\BOOKMARK [2][-]{subsection.3.26.2}{\376\377\0003\000.\0002\0006\000.\0002\000\040\000M\000e\000m\000b\000e\000r\000\040\000F\000u\000n\000c\000t\000i\000o\000n\000\040\000D\000o\000c\000u\000m\000e\000n\000t\000a\000t\000i\000o\000n}{section.3.26}% 145
\BOOKMARK [3][-]{subsubsection.3.26.2.1}{\376\377\0003\000.\0002\0006\000.\0002\000.\0001\000\040\000g\000e\000n\000\137\000t\000x\000t\000\137\000s\000t\000r\000\050\000\051}{subsection.3.26.2}% 146
\BOOKMARK [1][-]{section.3.27}{\376\377\0003\000.\0002\0007\000\040\000P\000y\000S\000p\000i\000c\000e\000.\000S\000p\000i\000c\000e\000.\000O\000p\000e\000n\000S\000P\000I\000C\000E\000.\000s\000o\000l\000v\000e\000.\000S\000o\000l\000v\000e\000r\000S\000t\000r\000a\000t\000e\000g\000y\000\040\000C\000l\000a\000s\000s\000\040\000R\000e\000f\000e\000r\000e\000n\000c\000e}{chapter.3}% 147
\BOOKMARK [2][-]{subsection.3.27.1}{\376\377\0003\000.\0002\0007\000.\0001\000\040\000D\000e\000t\000a\000i\000l\000e\000d\000\040\000D\000e\000s\000c\000r\000i\000p\000t\000i\000o\000n}{section.3.27}% 148
\BOOKMARK [2][-]{subsection.3.27.2}{\376\377\0003\000.\0002\0007\000.\0002\000\040\000M\000e\000m\000b\000e\000r\000\040\000F\000u\000n\000c\000t\000i\000o\000n\000\040\000D\000o\000c\000u\000m\000e\000n\000t\000a\000t\000i\000o\000n}{section.3.27}% 149
\BOOKMARK [3][-]{subsubsection.3.27.2.1}{\376\377\0003\000.\0002\0007\000.\0002\000.\0001\000\040\000s\000o\000l\000v\000e\000\137\000e\000q\000n\000s\000\050\000\051}{subsection.3.27.2}% 150
\BOOKMARK [1][-]{section.3.28}{\376\377\0003\000.\0002\0008\000\040\000P\000y\000S\000p\000i\000c\000e\000.\000S\000p\000i\000c\000e\000.\000O\000p\000e\000n\000S\000P\000I\000C\000E\000.\000n\000e\000t\000l\000i\000s\000t\000.\000T\000e\000x\000t\000F\000m\000t\000\040\000C\000l\000a\000s\000s\000\040\000R\000e\000f\000e\000r\000e\000n\000c\000e}{chapter.3}% 151
\BOOKMARK [2][-]{subsection.3.28.1}{\376\377\0003\000.\0002\0008\000.\0001\000\040\000D\000e\000t\000a\000i\000l\000e\000d\000\040\000D\000e\000s\000c\000r\000i\000p\000t\000i\000o\000n}{section.3.28}% 152
\BOOKMARK [2][-]{subsection.3.28.2}{\376\377\0003\000.\0002\0008\000.\0002\000\040\000M\000e\000m\000b\000e\000r\000\040\000F\000u\000n\000c\000t\000i\000o\000n\000\040\000D\000o\000c\000u\000m\000e\000n\000t\000a\000t\000i\000o\000n}{section.3.28}% 153
\BOOKMARK [3][-]{subsubsection.3.28.2.1}{\376\377\0003\000.\0002\0008\000.\0002\000.\0001\000\040\000g\000e\000n\000\137\000t\000x\000t\000\137\000s\000t\000r\000\050\000\051}{subsection.3.28.2}% 154
\BOOKMARK [1][-]{section.3.29}{\376\377\0003\000.\0002\0009\000\040\000P\000y\000S\000p\000i\000c\000e\000.\000S\000p\000i\000c\000e\000.\000O\000p\000e\000n\000S\000P\000I\000C\000E\000.\000s\000o\000l\000v\000e\000.\000T\000r\000a\000n\000s\000i\000e\000n\000t\000S\000o\000l\000v\000e\000r\000S\000t\000r\000a\000t\000e\000g\000y\000\040\000C\000l\000a\000s\000s\000\040\000R\000e\000f\000e\000r\000e\000n\000c\000e}{chapter.3}% 155
\BOOKMARK [2][-]{subsection.3.29.1}{\376\377\0003\000.\0002\0009\000.\0001\000\040\000D\000e\000t\000a\000i\000l\000e\000d\000\040\000D\000e\000s\000c\000r\000i\000p\000t\000i\000o\000n}{section.3.29}% 156
\BOOKMARK [2][-]{subsection.3.29.2}{\376\377\0003\000.\0002\0009\000.\0002\000\040\000C\000o\000n\000s\000t\000r\000u\000c\000t\000o\000r\000\040\000\046\000\040\000D\000e\000s\000t\000r\000u\000c\000t\000o\000r\000\040\000D\000o\000c\000u\000m\000e\000n\000t\000a\000t\000i\000o\000n}{section.3.29}% 157
\BOOKMARK [3][-]{subsubsection.3.29.2.1}{\376\377\0003\000.\0002\0009\000.\0002\000.\0001\000\040\000\137\000\137\000i\000n\000i\000t\000\137\000\137\000\050\000\051}{subsection.3.29.2}% 158
\BOOKMARK [2][-]{subsection.3.29.3}{\376\377\0003\000.\0002\0009\000.\0003\000\040\000M\000e\000m\000b\000e\000r\000\040\000F\000u\000n\000c\000t\000i\000o\000n\000\040\000D\000o\000c\000u\000m\000e\000n\000t\000a\000t\000i\000o\000n}{section.3.29}% 159
\BOOKMARK [3][-]{subsubsection.3.29.3.1}{\376\377\0003\000.\0002\0009\000.\0003\000.\0001\000\040\000s\000o\000l\000v\000e\000\137\000e\000q\000n\000s\000\050\000\051}{subsection.3.29.3}% 160
\BOOKMARK [1][-]{section.3.30}{\376\377\0003\000.\0003\0000\000\040\000P\000y\000S\000p\000i\000c\000e\000.\000S\000p\000i\000c\000e\000.\000O\000p\000e\000n\000S\000P\000I\000C\000E\000.\000R\000a\000w\000F\000i\000l\000e\000.\000V\000a\000r\000i\000a\000b\000l\000e\000\040\000C\000l\000a\000s\000s\000\040\000R\000e\000f\000e\000r\000e\000n\000c\000e}{chapter.3}% 161
\BOOKMARK [1][-]{section.3.31}{\376\377\0003\000.\0003\0001\000\040\000P\000y\000S\000p\000i\000c\000e\000.\000S\000p\000i\000c\000e\000.\000O\000p\000e\000n\000S\000P\000I\000C\000E\000.\000n\000e\000t\000l\000i\000s\000t\000.\000V\000C\000C\000S\000S\000o\000u\000r\000c\000e\000T\000e\000x\000t\000F\000m\000t\000\040\000C\000l\000a\000s\000s\000\040\000R\000e\000f\000e\000r\000e\000n\000c\000e}{chapter.3}% 162
\BOOKMARK [2][-]{subsection.3.31.1}{\376\377\0003\000.\0003\0001\000.\0001\000\040\000D\000e\000t\000a\000i\000l\000e\000d\000\040\000D\000e\000s\000c\000r\000i\000p\000t\000i\000o\000n}{section.3.31}% 163
\BOOKMARK [2][-]{subsection.3.31.2}{\376\377\0003\000.\0003\0001\000.\0002\000\040\000M\000e\000m\000b\000e\000r\000\040\000F\000u\000n\000c\000t\000i\000o\000n\000\040\000D\000o\000c\000u\000m\000e\000n\000t\000a\000t\000i\000o\000n}{section.3.31}% 164
\BOOKMARK [3][-]{subsubsection.3.31.2.1}{\376\377\0003\000.\0003\0001\000.\0002\000.\0001\000\040\000g\000e\000n\000\137\000t\000x\000t\000\137\000s\000t\000r\000\050\000\051}{subsection.3.31.2}% 165
\BOOKMARK [1][-]{section.3.32}{\376\377\0003\000.\0003\0002\000\040\000P\000y\000S\000p\000i\000c\000e\000.\000S\000p\000i\000c\000e\000.\000O\000p\000e\000n\000S\000P\000I\000C\000E\000.\000n\000e\000t\000l\000i\000s\000t\000.\000V\000C\000V\000S\000S\000o\000u\000r\000c\000e\000T\000e\000x\000t\000F\000m\000t\000\040\000C\000l\000a\000s\000s\000\040\000R\000e\000f\000e\000r\000e\000n\000c\000e}{chapter.3}% 166
\BOOKMARK [2][-]{subsection.3.32.1}{\376\377\0003\000.\0003\0002\000.\0001\000\040\000D\000e\000t\000a\000i\000l\000e\000d\000\040\000D\000e\000s\000c\000r\000i\000p\000t\000i\000o\000n}{section.3.32}% 167
\BOOKMARK [2][-]{subsection.3.32.2}{\376\377\0003\000.\0003\0002\000.\0002\000\040\000M\000e\000m\000b\000e\000r\000\040\000F\000u\000n\000c\000t\000i\000o\000n\000\040\000D\000o\000c\000u\000m\000e\000n\000t\000a\000t\000i\000o\000n}{section.3.32}% 168
\BOOKMARK [3][-]{subsubsection.3.32.2.1}{\376\377\0003\000.\0003\0002\000.\0002\000.\0001\000\040\000g\000e\000n\000\137\000t\000x\000t\000\137\000s\000t\000r\000\050\000\051}{subsection.3.32.2}% 169
\BOOKMARK [1][-]{section.3.33}{\376\377\0003\000.\0003\0003\000\040\000P\000y\000S\000p\000i\000c\000e\000.\000S\000p\000i\000c\000e\000.\000O\000p\000e\000n\000S\000P\000I\000C\000E\000.\000S\000h\000a\000r\000e\000d\000.\000V\000e\000c\000t\000o\000r\000\040\000C\000l\000a\000s\000s\000\040\000R\000e\000f\000e\000r\000e\000n\000c\000e}{chapter.3}% 170
\BOOKMARK [2][-]{subsection.3.33.1}{\376\377\0003\000.\0003\0003\000.\0001\000\040\000D\000e\000t\000a\000i\000l\000e\000d\000\040\000D\000e\000s\000c\000r\000i\000p\000t\000i\000o\000n}{section.3.33}% 171
\BOOKMARK [2][-]{subsection.3.33.2}{\376\377\0003\000.\0003\0003\000.\0002\000\040\000M\000e\000m\000b\000e\000r\000\040\000F\000u\000n\000c\000t\000i\000o\000n\000\040\000D\000o\000c\000u\000m\000e\000n\000t\000a\000t\000i\000o\000n}{section.3.33}% 172
\BOOKMARK [3][-]{subsubsection.3.33.2.1}{\376\377\0003\000.\0003\0003\000.\0002\000.\0001\000\040\000t\000o\000\137\000w\000a\000v\000e\000f\000o\000r\000m\000\050\000\051}{subsection.3.33.2}% 173
\BOOKMARK [1][-]{section.3.34}{\376\377\0003\000.\0003\0004\000\040\000P\000y\000S\000p\000i\000c\000e\000.\000S\000p\000i\000c\000e\000.\000O\000p\000e\000n\000S\000P\000I\000C\000E\000.\000c\000o\000m\000p\000o\000n\000e\000n\000t\000s\000.\000V\000S\000o\000u\000r\000c\000e\000\040\000C\000l\000a\000s\000s\000\040\000R\000e\000f\000e\000r\000e\000n\000c\000e}{chapter.3}% 174
\BOOKMARK [2][-]{subsection.3.34.1}{\376\377\0003\000.\0003\0004\000.\0001\000\040\000D\000e\000t\000a\000i\000l\000e\000d\000\040\000D\000e\000s\000c\000r\000i\000p\000t\000i\000o\000n}{section.3.34}% 175
\BOOKMARK [2][-]{subsection.3.34.2}{\376\377\0003\000.\0003\0004\000.\0002\000\040\000M\000e\000m\000b\000e\000r\000\040\000F\000u\000n\000c\000t\000i\000o\000n\000\040\000D\000o\000c\000u\000m\000e\000n\000t\000a\000t\000i\000o\000n}{section.3.34}% 176
\BOOKMARK [3][-]{subsubsection.3.34.2.1}{\376\377\0003\000.\0003\0004\000.\0002\000.\0001\000\040\000o\000p\000\137\000p\000t\000\137\000e\000q\000n\000\050\000\051}{subsection.3.34.2}% 177
\BOOKMARK [3][-]{subsubsection.3.34.2.2}{\376\377\0003\000.\0003\0004\000.\0002\000.\0002\000\040\000t\000r\000a\000n\000s\000\137\000e\000q\000n\000\050\000\051}{subsection.3.34.2}% 178
\BOOKMARK [1][-]{section.3.35}{\376\377\0003\000.\0003\0005\000\040\000P\000y\000S\000p\000i\000c\000e\000.\000S\000p\000i\000c\000e\000.\000O\000p\000e\000n\000S\000P\000I\000C\000E\000.\000n\000e\000t\000l\000i\000s\000t\000.\000V\000S\000o\000u\000r\000c\000e\000T\000e\000x\000t\000F\000m\000t\000\040\000C\000l\000a\000s\000s\000\040\000R\000e\000f\000e\000r\000e\000n\000c\000e}{chapter.3}% 179
\BOOKMARK [2][-]{subsection.3.35.1}{\376\377\0003\000.\0003\0005\000.\0001\000\040\000D\000e\000t\000a\000i\000l\000e\000d\000\040\000D\000e\000s\000c\000r\000i\000p\000t\000i\000o\000n}{section.3.35}% 180
\BOOKMARK [2][-]{subsection.3.35.2}{\376\377\0003\000.\0003\0005\000.\0002\000\040\000M\000e\000m\000b\000e\000r\000\040\000F\000u\000n\000c\000t\000i\000o\000n\000\040\000D\000o\000c\000u\000m\000e\000n\000t\000a\000t\000i\000o\000n}{section.3.35}% 181
\BOOKMARK [3][-]{subsubsection.3.35.2.1}{\376\377\0003\000.\0003\0005\000.\0002\000.\0001\000\040\000g\000e\000n\000\137\000t\000x\000t\000\137\000s\000t\000r\000\050\000\051}{subsection.3.35.2}% 182
